title:<死侍漫画因包含性、暴力及纳粹内容在俄受到出版社审查，其中部分内容被出版社删除。俄联邦消费者权益监督局的专家表示，从俄罗斯立法的角度来看，出版这样一本漫画书是不可接受的，因《死侍》漫画中有纳粹符号，还有“泽莫男爵”关于大屠杀必要性的荒谬言论，批判“东德”社会主义政权，支持恢复三K党等。>,pic_title:<http://img3.chouti.com/CHOUTI_20190115/D3687845348049B38E221996A36D54BA_W240H240.jpg>
title:<【因音乐音量大小问题争执 男子捅死舍友】当晚嫌疑人陈某与受害人黎某因播放音乐音量大小问题发生口角，过程中陈某用水果刀将黎某捅伤。目前，案件正在进一步侦查中。>,pic_title:<http://img3.chouti.com/CHOUTI_20190115/9ADFA54F12FF40B8AB47279B428E9647_W218H218.jpg>
title:<捏爆香蒲的过程，看着莫名有点爽…>,pic_title:<http://img3.chouti.com/CHOUTI_20190115/59A5533D17604D749A25F6E0B338882A_W442H442.jpg>
title:<【中国声优：向偶像进击的“无名之辈”】虽然常年被藏在角色背后的声优正在走向台前，但水下的冰山还有待开凿。行业发力自制声音产品、参加综艺、出唱片、成团出道背后，声优偶像化是门好生意吗？诸多玩法之外，中国声优如何谋划下一个未来？>,pic_title:<http://img3.chouti.com/CHOUTI_20190115/16597DAF221B441982FBE162E760EFE9_W1024H576.jpg>
title:<杰克·劳登和西尔莎·罗南1月14日出席《玛丽女王》苏格兰首映，穿情侣格纹很可爱了。>,pic_title:<http://img3.chouti.com/CHOUTI_20190115/BE2F06C2D7984EC48992EBA99E8AC20C_W371H495.jpg>
title:<【Valve公布2018年Steam回顾报告】Valve 公布了2018年 Steam 的大数据总结，以回顾过去一年的成果和进步。往年这些数据通常是不会公开的内部报告，对外只能依靠第三方网站统计。Valve确认将在2019年与合作伙伴完美世界一起将平台正式落户中国，并且确认将推出一款“Steam聊天”的移动应用。>,pic_title:<http://img3.chouti.com/CHOUTI_20190115/45AE62ECEDF94379AE84F459B5C8098C_W336H336.jpg>
title:<【王欣新产品“马桶MT”IOS下载链接已被关停】由于未经IOS应用商店许可，“马桶MT”的IOS下载链接已经被关停，无法搜到，暂不知道何时启用。在蒲公英应用内测分发平台上，该App也已经被删除。此外，马桶MT官网已经无法进入，有网友表示，通过代码编译后，发现官网内容已经清空了。>,pic_title:<http://img3.chouti.com/CHOUTI_20190115/F23DAC03C38545439A665F5D72A55EBD_W432H432.jpg>
title:<吉卜力背景美术临摹学习讲解：从男鹿和雄大师的画作中获取力量>,pic_title:<http://img3.chouti.com/CHOUTI_20190115/5A6BD09AA38C4EDDA7D2B8783EFF521D_W998H998.jpg>
title:<周星驰在新片宣传会上与张柏芝一同重现《喜剧之王》中经典的初恋演技教学桥段。周星驰身穿黑色外套，戴着棒球帽，挑起张柏芝的下巴，简直回忆杀。>,pic_title:<http://img3.chouti.com/CHOUTI_20190115/D52CFE44F6C54C28B5DFE922FF2A0C55_W465H465.jpg>
title:<【雷声大雨点小，CES上的5G炒作太甚】此次 CES 展上并没有出现什么能够带我们进入下一代网络的 5G 产品，大多都是 5G 概念性 Demo 或 PPT，有些 5G 产品甚至连有限的 5G 网络都无法连入。总体来看，当下 5G 的炒作，太过；而应用的时间点一定比我们预想的更晚。>,pic_title:<http://img3.chouti.com/CHOUTI_20190115/E3589A65B29B4297A4D46CD69EA52EF5_W470H470.jpg>
title:<输给“最强法务部”之后，这家卡丁车公司申请了“和任天堂无关”商标……>,pic_title:<http://img3.chouti.com/CHOUTI_20190115/303443F6CCFC4122B37BB762FEA8FE1B_W750H624.png>
title:<2019年支付宝集五福活动将于1月25日开始，主题为“五福四海过福年”>,pic_title:<http://img3.chouti.com/CHOUTI_20190115/F2D4E9AE2305468383FD0E74BB485054_W1081H1081.jpg>
title:<【织围巾记录一年的火车晚点情况，网上拍出7550欧元】2018年，德国大约有四分之一的列车和三分之一的长途列车晚点，这与德国曾经95%的列车都能准点出发的日子相去甚远。>,pic_title:<http://img3.chouti.com/CHOUTI_20190115/9077115AA15943EF95C46495753CC888_W613H370.jpg>
title:<【男球迷：费德勒我爱你！澳网主持：是纳达尔吗？】澳网男单首轮，费德勒直落三盘轻取伊斯托明。赛后的现场采访中，一位男性球迷爆发出“Roger I love you~~~”的高声嚎叫。主持人麦肯罗愣了两秒，问到：“是Rafa在那儿吗？”费德勒听闻，也忍不住笑了起来……>,pic_title:<http://img3.chouti.com/CHOUTI_20190115/055C2635340245378367CF1468F3287E_W397H397.jpg>
title:<1月13日，南明公安分局南2网格接到报警称：有人持利器对路边公共设施进行破坏。网格民警迅速到达现场后，该男子不断持刀砍击网格警车。民警周邦兴将车门打开，用高速催泪喷射器连续向男子击发两次。该男子失去反抗能力扔下利器倒地，网格警力迅速下车将其控制。现该男子已被送往贵州省精神病院。>,pic_title:<http://img3.chouti.com/CHOUTI_20190115/E434724AD0344795895139F8BF7AB179_W338H338.jpg>
title:<罗拉是一只龙虾，几年前在马萨诸塞州捕获，被誉为世界上最友善的龙虾，因为它的左爪居然有五个单钳，它挥动钳子的时候怎么看都像在跟你挥手say hello，算上右钳，它被戏称为“六钳罗拉”。据推测，罗拉可能是因为受伤重生也可能换壳的时候生长点出现了紊乱，但是这么多钳实属罕见>,pic_title:<http://img3.chouti.com/CHOUTI_20190115/A0B2B83B72D24D8EA15FAA4089469255_W375H375.png>
title:<【日本成人式有时也是个大秀场】1月14日，日本各地举行20岁成人典礼，全国共125万人正式成年。男性多身着西服或传统服装，女性则穿着华丽的和服，大量外国人也入乡随俗参加成人仪式，甚至有年轻人带着孩子参加。但活动也出现了不和谐因素，有年轻人借此机会在会场内暴走。>,pic_title:<http://img3.chouti.com/CHOUTI_20190115/B6263AD208F7473BB5BEF12FD9D99929_W1100H1100.jpg>
title:<【印度爆发史上最大规模罢工：2亿人游行抗议 社会矛盾激化】这次罢工处于一个关键的转折点上，爆发的原因实际上是印度社会矛盾积累到一定程度的结果，莫迪政府修订《工会法》只是一个催化剂或者导火索而已。不久前，印度铁路系统宣布招工， 发布了6.3万个职位空缺，而申请入职的人数高达1900万。>,pic_title:<http://img3.chouti.com/CHOUTI_20190115/C59DC41465FC4371A45DC5EB67C750AA_W666H666.jpg>
title:<【王健林：说万达违约的人要被打脸了】万达举行2018年工作总结会，王健林出席并回应了外界对其海外业务或违约的说法。他称2018年万达有息负债大幅减少，同比2017年减少约30％。万达在海外有高于其额度的应收款和现金存款，说万达海外要违约的人恐怕永远要被打脸。>,pic_title:<http://img3.chouti.com/CHOUTI_20190115/2C2150CECC5C4400BA507AFED16DBA53_W398H398.jpg>
title:<【深陷差评口碑泥潭，《修仙模拟器》做错了哪些环节】玩家对国产的“苛刻”，既是重担，也是恩赐。“稍微像样一点”的内容搭配上国产光环就可以挣到钱的时代，已经过去了。>,pic_title:<http://img3.chouti.com/CHOUTI_20190115/8EB4A38120654A6C84F9C62A1A417479_W664H664.jpg>
title:<【《五马图》终于出现了】张伯驹记载，五马图是被溥仪卖掉的，然后流入日本，据说二战被美军炸毁，但谁也不知道真相如何。如今，有图有真相了。>,pic_title:<http://img3.chouti.com/CHOUTI_20190115/3ED02D3950DA4B03AED271AA95BD58A6_W1280H960.jpg>
title:<【纽约等城市“严打”公寓短租 Airbnb上市前景蒙阴影】美国纽约市政府指控曼哈顿一家住宅中介公司利用Airbnb做违法的短期租赁，长期谋取了2000万美元的非法所得。根据纽约市政府的规定，将房屋对外提供租赁而租赁期少于30天属于违法行为。>,pic_title:<http://img3.chouti.com/CHOUTI_20190115/80159E4BCBDA4B9A95FFB6D702CE6B9F_W432H432.jpg>
title:<性骚扰？不存在的：为什么全世界对C罗如此温柔以待>,pic_title:<http://img3.chouti.com/CHOUTI_20190115/FDBC34653C0F44F9A06D9B727126DDB0_W360H360.jpg>
title:<【逆势涨价得罪大客户 中国最大汽车网站市值两天蒸发100亿】“2018年，汽车之家最便宜的会员合作一年仍需要16万元以上，而经营不错的经销商一年的销售利润也才50多万元。在经销商日子都好过的时候谈涨价还可以理解，现在大家日子都不好过，汽车之家这时候谈涨价不是在合作，而是与我们的发展背道而驰。”>,pic_title:<http://img3.chouti.com/CHOUTI_20190115/207CDD84D5D94838ACA19A10495B2060_W371H371.jpg>
title:<【人体最强感觉器官：防肥胖、抗感染一手全包】当肠道中的甜味感受器被葡萄糖分子触发后，大脑并不会产生甜的感觉。因此，不论它们的作用是什么，许多科学家都会尽量避免在口腔之外的器官中使用“味觉感受器”，他们喜欢使用一个更笼统的词：营养感受器。>,pic_title:<http://img3.chouti.com/CHOUTI_20190115/E9E44792DF864C72B09B33B56548BECD_W630H625.png>
